Using pre-set license
Built from '2020.3/staging' branch; Version is '2020.3.19f1 (68f137dc9bbe) revision 6877495'; Using compiler version '192528614'; Build Type 'Release'
OS: 'Windows 10 Home; OS build 19043.1466; Version 2009; 64bit' Language: 'es' Physical Memory: 12163 MB
BatchMode: 1, IsHumanControllingUs: 0, StartBugReporterOnCrash: 0, Is64bit: 1, IsPro: 0

COMMAND LINE ARGUMENTS:
C:\Program Files\Unity\Hub\Editor\2020.3.19f1\Editor\Unity.exe
-adb2
-batchMode
-noUpm
-name
AssetImportWorker0
-projectPath
F:/Imagenes/UNITY/CLASE/ELIMINATE
-logFile
Logs/AssetImportWorker0.log
-srvPort
62121
Successfully changed project path to: F:/Imagenes/UNITY/CLASE/ELIMINATE
F:/Imagenes/UNITY/CLASE/ELIMINATE
Using Asset Import Pipeline V2.
Refreshing native plugins compatible for Editor in 57.01 ms, found 2 plugins.
Preloading 0 native plugins for Editor in 0.00 ms.
Initialize engine version: 2020.3.19f1 (68f137dc9bbe)
[Subsystems] Discovering subsystems at path C:/Program Files/Unity/Hub/Editor/2020.3.19f1/Editor/Data/Resources/UnitySubsystems
[Subsystems] Discovering subsystems at path F:/Imagenes/UNITY/CLASE/ELIMINATE/Assets
GfxDevice: creating device client; threaded=0
Direct3D:
    Version:  Direct3D 11.0 [level 11.1]
    Renderer: NVIDIA GeForce GTX 1050 Ti (ID=0x1c82)
    Vendor:   
    VRAM:     4018 MB
    Driver:   30.0.14.7212
Initialize mono
Mono path[0] = 'C:/Program Files/Unity/Hub/Editor/2020.3.19f1/Editor/Data/Managed'
Mono path[1] = 'C:/Program Files/Unity/Hub/Editor/2020.3.19f1/Editor/Data/MonoBleedingEdge/lib/mono/unityjit'
Mono config path = 'C:/Program Files/Unity/Hub/Editor/2020.3.19f1/Editor/Data/MonoBleedingEdge/etc'
Using monoOptions --debugger-agent=transport=dt_socket,embedding=1,server=y,suspend=n,address=127.0.0.1:56872
Begin MonoManager ReloadAssembly
Registering precompiled unity dll's ...
Register platform support module: C:/Program Files/Unity/Hub/Editor/2020.3.19f1/Editor/Data/PlaybackEngines/WindowsStandaloneSupport/UnityEditor.WindowsStandalone.Extensions.dll
Registered in 0.004330 seconds.
Native extension for WindowsStandalone target not found
Refreshing native plugins compatible for Editor in 58.11 ms, found 2 plugins.
Preloading 0 native plugins for Editor in 0.00 ms.
Mono: successfully reloaded assembly
- Completed reload, in  1.789 seconds
Domain Reload Profiling:
	ReloadAssembly (1789ms)
		BeginReloadAssembly (83ms)
			ExecutionOrderSort (0ms)
			DisableScriptedObjects (0ms)
			BackupInstance (0ms)
			ReleaseScriptingObjects (0ms)
			CreateAndSetChildDomain (1ms)
		EndReloadAssembly (530ms)
			LoadAssemblies (77ms)
			RebuildTransferFunctionScriptingTraits (0ms)
			SetupTypeCache (178ms)
			ReleaseScriptCaches (0ms)
			RebuildScriptCaches (32ms)
			SetupLoadedEditorAssemblies (199ms)
				LogAssemblyErrors (0ms)
				InitializePlatformSupportModulesInManaged (5ms)
				SetLoadedEditorAssemblies (0ms)
				RefreshPlugins (58ms)
				BeforeProcessingInitializeOnLoad (17ms)
				ProcessInitializeOnLoadAttributes (88ms)
				ProcessInitializeOnLoadMethodAttributes (31ms)
				AfterProcessingInitializeOnLoad (0ms)
				EditorAssembliesLoaded (0ms)
			ExecutionOrderSort2 (0ms)
			AwakeInstancesAfterBackupRestoration (0ms)
Platform modules already initialized, skipping
Registering precompiled user dll's ...
Registered in 0.005446 seconds.
Begin MonoManager ReloadAssembly
Native extension for WindowsStandalone target not found
Refreshing native plugins compatible for Editor in 57.35 ms, found 2 plugins.
Preloading 0 native plugins for Editor in 0.00 ms.
Mono: successfully reloaded assembly
- Completed reload, in  1.442 seconds
Domain Reload Profiling:
	ReloadAssembly (1443ms)
		BeginReloadAssembly (183ms)
			ExecutionOrderSort (0ms)
			DisableScriptedObjects (5ms)
			BackupInstance (0ms)
			ReleaseScriptingObjects (0ms)
			CreateAndSetChildDomain (21ms)
		EndReloadAssembly (1177ms)
			LoadAssemblies (133ms)
			RebuildTransferFunctionScriptingTraits (0ms)
			SetupTypeCache (374ms)
			ReleaseScriptCaches (1ms)
			RebuildScriptCaches (55ms)
			SetupLoadedEditorAssemblies (446ms)
				LogAssemblyErrors (0ms)
				InitializePlatformSupportModulesInManaged (5ms)
				SetLoadedEditorAssemblies (0ms)
				RefreshPlugins (57ms)
				BeforeProcessingInitializeOnLoad (106ms)
				ProcessInitializeOnLoadAttributes (254ms)
				ProcessInitializeOnLoadMethodAttributes (5ms)
				AfterProcessingInitializeOnLoad (16ms)
				EditorAssembliesLoaded (0ms)
			ExecutionOrderSort2 (0ms)
			AwakeInstancesAfterBackupRestoration (7ms)
Platform modules already initialized, skipping
========================================================================
Worker process is ready to serve import requests
Launched and connected shader compiler UnityShaderCompiler.exe after 0.07 seconds
Refreshing native plugins compatible for Editor in 1.25 ms, found 2 plugins.
Preloading 0 native plugins for Editor in 0.00 ms.
Unloading 2759 Unused Serialized files (Serialized files now loaded: 0)
System memory in use before: 127.0 MB.
System memory in use after: 127.2 MB.

Unloading 17 unused Assets to reduce memory usage. Loaded Objects now: 3196.
Total: 5.047600 ms (FindLiveObjects: 0.495400 ms CreateObjectMapping: 0.290000 ms MarkObjects: 4.159600 ms  DeleteObjects: 0.101100 ms)

AssetImportParameters requested are different than current active one (requested -> active):
  custom:framework-win-MediaFoundation: 216162199b28c13a410421893ffa2e32 -> 
  custom:video-decoder-ogg-theora: a1e56fd34408186e4bbccfd4996cb3dc -> 
  custom:container-muxer-webm: aa71ff27fc2769a1b78a27578f13a17b -> 
  custom:container-demuxer-webm: 4f35f7cbe854078d1ac9338744f61a02 -> 
  custom:container-demuxer-ogg: 62fdf1f143b41e24485cea50d1cbac27 -> 
  custom:video-encoder-webm-vp8: eb34c28f22e8b96e1ab97ce403110664 -> 
  custom:video-decoder-webm-vp8: 9c59270c3fd7afecdb556c50c9e8de78 -> 
  custom:audio-decoder-ogg-vorbis: bf7c407c2cedff20999df2af8eb42d56 -> 
  custom:audio-encoder-webm-vorbis: bf7c407c2cedff20999df2af8eb42d56 -> 
========================================================================
Received Import Request.
  path: Assets/PROVA_1/OTDB
  artifactKey: Guid(b28b4f9d46a92f040b9a59bb9fa8ef18) Importer(815301076,1909f56bfc062723c751e8b465ee728b)
Start importing Assets/PROVA_1/OTDB using Guid(b28b4f9d46a92f040b9a59bb9fa8ef18) Importer(815301076,1909f56bfc062723c751e8b465ee728b)  -> (artifact id: 'a2df8f115c2f250d5838917e404f8de7') in 0.009560 seconds 
  Import took 0.016164 seconds .

========================================================================
Received Import Request.
  Time since last request: 0.000502 seconds.
  path: Assets/PROVA_1/OTDB/VIDEOJUEGO.unity
  artifactKey: Guid(135113d5c587089449d5a746f864d71b) Importer(815301076,1909f56bfc062723c751e8b465ee728b)
Start importing Assets/PROVA_1/OTDB/VIDEOJUEGO.unity using Guid(135113d5c587089449d5a746f864d71b) Importer(815301076,1909f56bfc062723c751e8b465ee728b)  -> (artifact id: '3aecd4f2c0acfa94be6acb57214164ef') in 0.022275 seconds 
  Import took 0.030040 seconds .

========================================================================
Received Import Request.
  Time since last request: 8.756383 seconds.
  path: Assets/PROVA_1/OTDB/OBJs
  artifactKey: Guid(60042dd382b5c75489ba1935f67e3764) Importer(815301076,1909f56bfc062723c751e8b465ee728b)
Start importing Assets/PROVA_1/OTDB/OBJs using Guid(60042dd382b5c75489ba1935f67e3764) Importer(815301076,1909f56bfc062723c751e8b465ee728b)  -> (artifact id: '12c58068c7f6be148e252eb3bd4b3164') in 0.003553 seconds 
  Import took 0.010046 seconds .

========================================================================
Received Import Request.
  Time since last request: 0.047038 seconds.
  path: Assets/PROVA_1/OTDB/OBJs/SUELO.obj
  artifactKey: Guid(8efc21422d0457f4ba4e3d0e84bc73ad) Importer(815301076,1909f56bfc062723c751e8b465ee728b)
Start importing Assets/PROVA_1/OTDB/OBJs/SUELO.obj using Guid(8efc21422d0457f4ba4e3d0e84bc73ad) Importer(815301076,1909f56bfc062723c751e8b465ee728b)  -> (artifact id: '8b1ff1423503fcd518c0202a7c82fb0c') in 0.361504 seconds 
  Import took 0.384027 seconds .

========================================================================
Received Import Request.
  Time since last request: 1.406885 seconds.
  path: Assets/PROVA_1/OTDB/OBJs/NATURALEZA
  artifactKey: Guid(c9ac315d89b44ca4a9217da744bdb7e2) Importer(815301076,1909f56bfc062723c751e8b465ee728b)
Start importing Assets/PROVA_1/OTDB/OBJs/NATURALEZA using Guid(c9ac315d89b44ca4a9217da744bdb7e2) Importer(815301076,1909f56bfc062723c751e8b465ee728b)  -> (artifact id: '36064d26e3bfc09dd47dc20bfa75b382') in 0.003014 seconds 
  Import took 0.023044 seconds .

========================================================================
Received Import Request.
  Time since last request: 0.047016 seconds.
  path: Assets/PROVA_1/OTDB/OBJs/NATURALEZA/ARBOL_1.obj
  artifactKey: Guid(6c9209a1ff1a8e1448af333030e0f97a) Importer(815301076,1909f56bfc062723c751e8b465ee728b)
Start importing Assets/PROVA_1/OTDB/OBJs/NATURALEZA/ARBOL_1.obj using Guid(6c9209a1ff1a8e1448af333030e0f97a) Importer(815301076,1909f56bfc062723c751e8b465ee728b)  -> (artifact id: '7e35e706e1654b01f020c2e58ac22c96') in 0.083243 seconds 
  Import took 0.088780 seconds .

========================================================================
Received Import Request.
  Time since last request: 0.000234 seconds.
  path: Assets/PROVA_1/OTDB/OBJs/NATURALEZA/CESPED.obj
  artifactKey: Guid(497b2575e5794964eaeb324252bdcb14) Importer(815301076,1909f56bfc062723c751e8b465ee728b)
Start importing Assets/PROVA_1/OTDB/OBJs/NATURALEZA/CESPED.obj using Guid(497b2575e5794964eaeb324252bdcb14) Importer(815301076,1909f56bfc062723c751e8b465ee728b)  -> (artifact id: 'd5c9eaa8fff3e8b3f513faf143ceb01a') in 0.031392 seconds 
  Import took 0.047684 seconds .

========================================================================
Received Import Request.
  Time since last request: 0.000287 seconds.
  path: Assets/PROVA_1/OTDB/OBJs/NATURALEZA/ROCA_3.obj
  artifactKey: Guid(f5ac5b5c976fa1b4f9868ce389c5342e) Importer(815301076,1909f56bfc062723c751e8b465ee728b)
Start importing Assets/PROVA_1/OTDB/OBJs/NATURALEZA/ROCA_3.obj using Guid(f5ac5b5c976fa1b4f9868ce389c5342e) Importer(815301076,1909f56bfc062723c751e8b465ee728b)  -> (artifact id: 'cc1f47478f3e5f91780fdc5aa5c83b15') in 0.031513 seconds 
  Import took 0.036549 seconds .

========================================================================
Received Import Request.
  Time since last request: 0.000227 seconds.
  path: Assets/PROVA_1/OTDB/OBJs/NATURALEZA/MONTANA_4.obj
  artifactKey: Guid(3824946b591c60c42a135ec63bae4e3d) Importer(815301076,1909f56bfc062723c751e8b465ee728b)
Start importing Assets/PROVA_1/OTDB/OBJs/NATURALEZA/MONTANA_4.obj using Guid(3824946b591c60c42a135ec63bae4e3d) Importer(815301076,1909f56bfc062723c751e8b465ee728b)  -> (artifact id: 'ba7bd85c6bbb0f99d4770d0b00bc7aca') in 0.029783 seconds 
  Import took 0.046461 seconds .

========================================================================
Received Import Request.
  Time since last request: 0.000359 seconds.
  path: Assets/PROVA_1/OTDB/OBJs/NATURALEZA/MONTANAS_ALREDEDOR.obj
  artifactKey: Guid(ce18a2603a364f34ea1785b386551a84) Importer(815301076,1909f56bfc062723c751e8b465ee728b)
Start importing Assets/PROVA_1/OTDB/OBJs/NATURALEZA/MONTANAS_ALREDEDOR.obj using Guid(ce18a2603a364f34ea1785b386551a84) Importer(815301076,1909f56bfc062723c751e8b465ee728b)  -> (artifact id: 'e9441095718fe81c69eb083c95218090') in 0.034232 seconds 
  Import took 0.039654 seconds .

========================================================================
Received Import Request.
  Time since last request: 0.000313 seconds.
  path: Assets/PROVA_1/OTDB/OBJs/NATURALEZA/CARRETERA.obj
  artifactKey: Guid(31bb8f29fe5af1e4cb3244934d167137) Importer(815301076,1909f56bfc062723c751e8b465ee728b)
Start importing Assets/PROVA_1/OTDB/OBJs/NATURALEZA/CARRETERA.obj using Guid(31bb8f29fe5af1e4cb3244934d167137) Importer(815301076,1909f56bfc062723c751e8b465ee728b)  -> (artifact id: 'a17edfe5328f45088215610544726d23') in 0.032225 seconds 
  Import took 0.038283 seconds .

========================================================================
Received Import Request.
  Time since last request: 0.000350 seconds.
  path: Assets/PROVA_1/OTDB/OBJs/NATURALEZA/MONTANA_2.obj
  artifactKey: Guid(2c1bd3e9fbb69874cbdec403fb6a5780) Importer(815301076,1909f56bfc062723c751e8b465ee728b)
Start importing Assets/PROVA_1/OTDB/OBJs/NATURALEZA/MONTANA_2.obj using Guid(2c1bd3e9fbb69874cbdec403fb6a5780) Importer(815301076,1909f56bfc062723c751e8b465ee728b)  -> (artifact id: '68918387acef27e10ac29fde309b6685') in 0.030561 seconds 
  Import took 0.036526 seconds .

========================================================================
Received Import Request.
  Time since last request: 0.000284 seconds.
  path: Assets/PROVA_1/OTDB/OBJs/NATURALEZA/MONTANA_3.obj
  artifactKey: Guid(10d6e15cba566dd438395c6aab51d92e) Importer(815301076,1909f56bfc062723c751e8b465ee728b)
Start importing Assets/PROVA_1/OTDB/OBJs/NATURALEZA/MONTANA_3.obj using Guid(10d6e15cba566dd438395c6aab51d92e) Importer(815301076,1909f56bfc062723c751e8b465ee728b)  -> (artifact id: 'cfb8913c1150782c07398777693d6860') in 0.031624 seconds 
  Import took 0.037046 seconds .

========================================================================
Received Import Request.
  Time since last request: 0.000234 seconds.
  path: Assets/PROVA_1/OTDB/OBJs/NATURALEZA/ROCA_1.obj
  artifactKey: Guid(e1e98abed4592164bad650d5f36a3e24) Importer(815301076,1909f56bfc062723c751e8b465ee728b)
Start importing Assets/PROVA_1/OTDB/OBJs/NATURALEZA/ROCA_1.obj using Guid(e1e98abed4592164bad650d5f36a3e24) Importer(815301076,1909f56bfc062723c751e8b465ee728b)  -> (artifact id: '5e8be0ec880aaba8ea4ccaaa3044ecb9') in 0.028230 seconds 
  Import took 0.033156 seconds .

========================================================================
Received Import Request.
  Time since last request: 0.000297 seconds.
  path: Assets/PROVA_1/OTDB/OBJs/NATURALEZA/ROCA_2.obj
  artifactKey: Guid(d68504410f9a54d4ca83d384273952c4) Importer(815301076,1909f56bfc062723c751e8b465ee728b)
Start importing Assets/PROVA_1/OTDB/OBJs/NATURALEZA/ROCA_2.obj using Guid(d68504410f9a54d4ca83d384273952c4) Importer(815301076,1909f56bfc062723c751e8b465ee728b)  -> (artifact id: '66b87687f0a280f99d13564a347b603f') in 0.029037 seconds 
  Import took 0.034497 seconds .

========================================================================
Received Import Request.
  Time since last request: 0.000222 seconds.
  path: Assets/PROVA_1/OTDB/OBJs/NATURALEZA/ARBOL_2.obj
  artifactKey: Guid(07fc37d7c942e3041aeb9ddffa9ce6a3) Importer(815301076,1909f56bfc062723c751e8b465ee728b)
Start importing Assets/PROVA_1/OTDB/OBJs/NATURALEZA/ARBOL_2.obj using Guid(07fc37d7c942e3041aeb9ddffa9ce6a3) Importer(815301076,1909f56bfc062723c751e8b465ee728b)  -> (artifact id: '115c53ca1772b0d71e8e62e341b10e5b') in 0.042368 seconds 
  Import took 0.047151 seconds .

========================================================================
Received Import Request.
  Time since last request: 3.031349 seconds.
  path: Assets/PROVA_1/OTDB/OBJs/MATERIALS
  artifactKey: Guid(f68e0e3b706417649b10d80cf94ccd0d) Importer(815301076,1909f56bfc062723c751e8b465ee728b)
Start importing Assets/PROVA_1/OTDB/OBJs/MATERIALS using Guid(f68e0e3b706417649b10d80cf94ccd0d) Importer(815301076,1909f56bfc062723c751e8b465ee728b)  -> (artifact id: '95a740c7de14437a4dbaf4ff32cf6d51') in 0.003582 seconds 
  Import took 0.011017 seconds .

========================================================================
Received Import Request.
  Time since last request: 0.059533 seconds.
  path: Assets/PROVA_1/OTDB/OBJs/MATERIALS/HUMO.mat
  artifactKey: Guid(1ee89692a55620a4486e7247bf6196a0) Importer(815301076,1909f56bfc062723c751e8b465ee728b)
Start importing Assets/PROVA_1/OTDB/OBJs/MATERIALS/HUMO.mat using Guid(1ee89692a55620a4486e7247bf6196a0) Importer(815301076,1909f56bfc062723c751e8b465ee728b)  -> (artifact id: 'c9c9817966d010ae23d6f647572b2cb9') in 0.503979 seconds 
  Import took 0.531559 seconds .

========================================================================
Received Import Request.
  Time since last request: 0.000316 seconds.
  path: Assets/PROVA_1/OTDB/OBJs/MATERIALS/MAT_PIEDRA_2.mat
  artifactKey: Guid(064e487036547744da1e051bbc591f41) Importer(815301076,1909f56bfc062723c751e8b465ee728b)
Start importing Assets/PROVA_1/OTDB/OBJs/MATERIALS/MAT_PIEDRA_2.mat using Guid(064e487036547744da1e051bbc591f41) Importer(815301076,1909f56bfc062723c751e8b465ee728b)  -> (artifact id: '70190fb7973664359a0d1a81120ead76') in 0.015942 seconds 
  Import took 0.021628 seconds .

========================================================================
Received Import Request.
  Time since last request: 0.000397 seconds.
  path: Assets/PROVA_1/OTDB/OBJs/MATERIALS/MAT_MADERA_2.mat
  artifactKey: Guid(9918b3fe83b24dd4292d23294ef44459) Importer(815301076,1909f56bfc062723c751e8b465ee728b)
Start importing Assets/PROVA_1/OTDB/OBJs/MATERIALS/MAT_MADERA_2.mat using Guid(9918b3fe83b24dd4292d23294ef44459) Importer(815301076,1909f56bfc062723c751e8b465ee728b)  -> (artifact id: '488cd0c7d24518bff206c7477d5fcd31') in 0.549674 seconds 
  Import took 0.556099 seconds .

========================================================================
Received Import Request.
  Time since last request: 0.000413 seconds.
  path: Assets/PROVA_1/OTDB/OBJs/MATERIALS/MAT_METAL_1.mat
  artifactKey: Guid(92230186b73f5bf4fba010f09e27de62) Importer(815301076,1909f56bfc062723c751e8b465ee728b)
Start importing Assets/PROVA_1/OTDB/OBJs/MATERIALS/MAT_METAL_1.mat using Guid(92230186b73f5bf4fba010f09e27de62) Importer(815301076,1909f56bfc062723c751e8b465ee728b)  -> (artifact id: 'b24bcdb1ce263a3bc1f8bd2aeffe1a15') in 0.014533 seconds 
  Import took 0.019862 seconds .

========================================================================
Received Import Request.
  Time since last request: 0.000309 seconds.
  path: Assets/PROVA_1/OTDB/OBJs/MATERIALS/TITULO DE OTDB.png
  artifactKey: Guid(97b01cb002b582343886e8dab26bf09f) Importer(815301076,1909f56bfc062723c751e8b465ee728b)
Start importing Assets/PROVA_1/OTDB/OBJs/MATERIALS/TITULO DE OTDB.png using Guid(97b01cb002b582343886e8dab26bf09f) Importer(815301076,1909f56bfc062723c751e8b465ee728b)  -> (artifact id: '0e3af1e2a1c56fca3c7529b46a0348fc') in 0.049634 seconds 
  Import took 0.055827 seconds .

========================================================================
Received Import Request.
  Time since last request: 0.000274 seconds.
  path: Assets/PROVA_1/OTDB/OBJs/MATERIALS/MAT_MADERA.mat
  artifactKey: Guid(aa13564b5fa61ef4e9982e04cb1bc995) Importer(815301076,1909f56bfc062723c751e8b465ee728b)
Start importing Assets/PROVA_1/OTDB/OBJs/MATERIALS/MAT_MADERA.mat using Guid(aa13564b5fa61ef4e9982e04cb1bc995) Importer(815301076,1909f56bfc062723c751e8b465ee728b)  -> (artifact id: 'af43eb2d82426c8137befb2b84f6946b') in 0.015577 seconds 
  Import took 0.023131 seconds .

========================================================================
Received Import Request.
  Time since last request: 0.000348 seconds.
  path: Assets/PROVA_1/OTDB/OBJs/MATERIALS/MAT_ALAS.mat
  artifactKey: Guid(ae67c55a87b46ea41ba034268b66f00d) Importer(815301076,1909f56bfc062723c751e8b465ee728b)
Start importing Assets/PROVA_1/OTDB/OBJs/MATERIALS/MAT_ALAS.mat using Guid(ae67c55a87b46ea41ba034268b66f00d) Importer(815301076,1909f56bfc062723c751e8b465ee728b)  -> (artifact id: 'c414963f7d09c219c7d4b08b36670742') in 0.016587 seconds 
  Import took 0.041108 seconds .

========================================================================
Received Import Request.
  Time since last request: 0.000317 seconds.
  path: Assets/PROVA_1/OTDB/OBJs/MATERIALS/MAT_METAL_2.mat
  artifactKey: Guid(665d4c573eec9cb46897fcb759143d02) Importer(815301076,1909f56bfc062723c751e8b465ee728b)
Start importing Assets/PROVA_1/OTDB/OBJs/MATERIALS/MAT_METAL_2.mat using Guid(665d4c573eec9cb46897fcb759143d02) Importer(815301076,1909f56bfc062723c751e8b465ee728b)  -> (artifact id: '53ba393b27fb38320eb26d6d3ff892b0') in 0.015722 seconds 
  Import took 0.021992 seconds .

========================================================================
Received Import Request.
  Time since last request: 0.000347 seconds.
  path: Assets/PROVA_1/OTDB/OBJs/MATERIALS/MAT_PIEDRA_1.mat
  artifactKey: Guid(703dcf6dc82870d4aba1fa0fc917d636) Importer(815301076,1909f56bfc062723c751e8b465ee728b)
Start importing Assets/PROVA_1/OTDB/OBJs/MATERIALS/MAT_PIEDRA_1.mat using Guid(703dcf6dc82870d4aba1fa0fc917d636) Importer(815301076,1909f56bfc062723c751e8b465ee728b)  -> (artifact id: '4b50e4fdf0d213a4e42b9f065eda1ebd') in 0.015186 seconds 
  Import took 0.065291 seconds .

========================================================================
Received Import Request.
  Time since last request: 0.000338 seconds.
  path: Assets/PROVA_1/OTDB/OBJs/MATERIALS/MAT_TEJADO.mat
  artifactKey: Guid(3c37b922eb30ab346a6d4dbee3a833bb) Importer(815301076,1909f56bfc062723c751e8b465ee728b)
Start importing Assets/PROVA_1/OTDB/OBJs/MATERIALS/MAT_TEJADO.mat using Guid(3c37b922eb30ab346a6d4dbee3a833bb) Importer(815301076,1909f56bfc062723c751e8b465ee728b)  -> (artifact id: '8ff8e9ec37fb75f8fed27d317bd9da7b') in 0.015133 seconds 
  Import took 0.020389 seconds .

========================================================================
Received Import Request.
  Time since last request: 0.000343 seconds.
  path: Assets/PROVA_1/OTDB/OBJs/MATERIALS/MAT_PIEDRA_3.mat
  artifactKey: Guid(19ef2c9168564f846be280af1af17e04) Importer(815301076,1909f56bfc062723c751e8b465ee728b)
Start importing Assets/PROVA_1/OTDB/OBJs/MATERIALS/MAT_PIEDRA_3.mat using Guid(19ef2c9168564f846be280af1af17e04) Importer(815301076,1909f56bfc062723c751e8b465ee728b)  -> (artifact id: '93366a3524868cb1e803a38b25d4a3a5') in 0.015458 seconds 
  Import took 0.021598 seconds .

========================================================================
Received Import Request.
  Time since last request: 0.000357 seconds.
  path: Assets/PROVA_1/OTDB/OBJs/MATERIALS/MAT_NEGRO_1.mat
  artifactKey: Guid(c72b26eb4a380e3418815a7d9493c3ee) Importer(815301076,1909f56bfc062723c751e8b465ee728b)
Start importing Assets/PROVA_1/OTDB/OBJs/MATERIALS/MAT_NEGRO_1.mat using Guid(c72b26eb4a380e3418815a7d9493c3ee) Importer(815301076,1909f56bfc062723c751e8b465ee728b)  -> (artifact id: '5a7aa7e74f2cc6769922f5f1f42b51a4') in 0.014842 seconds 
  Import took 0.037129 seconds .

========================================================================
Received Import Request.
  Time since last request: 87.718162 seconds.
  path: Assets/PROVA_1/OTDB/OBJs/MATERIALS/MAT_MADERA_2.mat
  artifactKey: Guid(9918b3fe83b24dd4292d23294ef44459) Importer(815301076,1909f56bfc062723c751e8b465ee728b)
Start importing Assets/PROVA_1/OTDB/OBJs/MATERIALS/MAT_MADERA_2.mat using Guid(9918b3fe83b24dd4292d23294ef44459) Importer(815301076,1909f56bfc062723c751e8b465ee728b)  -> (artifact id: '19875f2592ee58cc21c383102d500128') in 0.017293 seconds 
  Import took 0.024232 seconds .

========================================================================
Received Prepare
Registering precompiled user dll's ...
Registered in 0.005677 seconds.
Begin MonoManager ReloadAssembly
Native extension for WindowsStandalone target not found
Refreshing native plugins compatible for Editor in 0.69 ms, found 2 plugins.
Preloading 0 native plugins for Editor in 0.00 ms.
Mono: successfully reloaded assembly
- Completed reload, in  1.414 seconds
Domain Reload Profiling:
	ReloadAssembly (1415ms)
		BeginReloadAssembly (180ms)
			ExecutionOrderSort (0ms)
			DisableScriptedObjects (9ms)
			BackupInstance (0ms)
			ReleaseScriptingObjects (0ms)
			CreateAndSetChildDomain (52ms)
		EndReloadAssembly (1140ms)
			LoadAssemblies (139ms)
			RebuildTransferFunctionScriptingTraits (0ms)
			SetupTypeCache (386ms)
			ReleaseScriptCaches (3ms)
			RebuildScriptCaches (52ms)
			SetupLoadedEditorAssemblies (385ms)
				LogAssemblyErrors (0ms)
				InitializePlatformSupportModulesInManaged (5ms)
				SetLoadedEditorAssemblies (1ms)
				RefreshPlugins (1ms)
				BeforeProcessingInitializeOnLoad (111ms)
				ProcessInitializeOnLoadAttributes (246ms)
				ProcessInitializeOnLoadMethodAttributes (5ms)
				AfterProcessingInitializeOnLoad (16ms)
				EditorAssembliesLoaded (0ms)
			ExecutionOrderSort2 (0ms)
			AwakeInstancesAfterBackupRestoration (16ms)
Platform modules already initialized, skipping
Refreshing native plugins compatible for Editor in 1.12 ms, found 2 plugins.
Preloading 0 native plugins for Editor in 0.00 ms.
Unloading 2637 Unused Serialized files (Serialized files now loaded: 0)
System memory in use before: 124.9 MB.
System memory in use after: 125.1 MB.

Unloading 12 unused Assets to reduce memory usage. Loaded Objects now: 3283.
Total: 4.847600 ms (FindLiveObjects: 0.474300 ms CreateObjectMapping: 0.273900 ms MarkObjects: 4.070500 ms  DeleteObjects: 0.027100 ms)

AssetImportParameters requested are different than current active one (requested -> active):
  custom:framework-win-MediaFoundation: 216162199b28c13a410421893ffa2e32 -> 
  custom:video-decoder-ogg-theora: a1e56fd34408186e4bbccfd4996cb3dc -> 
  custom:container-muxer-webm: aa71ff27fc2769a1b78a27578f13a17b -> 
  custom:container-demuxer-webm: 4f35f7cbe854078d1ac9338744f61a02 -> 
  custom:container-demuxer-ogg: 62fdf1f143b41e24485cea50d1cbac27 -> 
  custom:video-encoder-webm-vp8: eb34c28f22e8b96e1ab97ce403110664 -> 
  custom:video-decoder-webm-vp8: 9c59270c3fd7afecdb556c50c9e8de78 -> 
  custom:audio-decoder-ogg-vorbis: bf7c407c2cedff20999df2af8eb42d56 -> 
  custom:audio-encoder-webm-vorbis: bf7c407c2cedff20999df2af8eb42d56 -> 
========================================================================
Received Import Request.
  Time since last request: 61.222937 seconds.
  path: Assets/PROVA_1/OTDB/SCRIPTS
  artifactKey: Guid(d671456689e065e42bdaba6a817d30f5) Importer(815301076,1909f56bfc062723c751e8b465ee728b)
Start importing Assets/PROVA_1/OTDB/SCRIPTS using Guid(d671456689e065e42bdaba6a817d30f5) Importer(815301076,1909f56bfc062723c751e8b465ee728b)  -> (artifact id: 'a8bf02259d6498662a343f755abfb7a9') in 0.010669 seconds 
  Import took 0.045368 seconds .

========================================================================
Received Prepare
Registering precompiled user dll's ...
Registered in 0.005603 seconds.
Begin MonoManager ReloadAssembly
Native extension for WindowsStandalone target not found
Refreshing native plugins compatible for Editor in 0.65 ms, found 2 plugins.
Preloading 0 native plugins for Editor in 0.00 ms.
Mono: successfully reloaded assembly
- Completed reload, in  1.416 seconds
Domain Reload Profiling:
	ReloadAssembly (1417ms)
		BeginReloadAssembly (181ms)
			ExecutionOrderSort (0ms)
			DisableScriptedObjects (7ms)
			BackupInstance (0ms)
			ReleaseScriptingObjects (0ms)
			CreateAndSetChildDomain (51ms)
		EndReloadAssembly (1130ms)
			LoadAssemblies (150ms)
			RebuildTransferFunctionScriptingTraits (0ms)
			SetupTypeCache (386ms)
			ReleaseScriptCaches (1ms)
			RebuildScriptCaches (48ms)
			SetupLoadedEditorAssemblies (404ms)
				LogAssemblyErrors (0ms)
				InitializePlatformSupportModulesInManaged (5ms)
				SetLoadedEditorAssemblies (0ms)
				RefreshPlugins (1ms)
				BeforeProcessingInitializeOnLoad (114ms)
				ProcessInitializeOnLoadAttributes (257ms)
				ProcessInitializeOnLoadMethodAttributes (6ms)
				AfterProcessingInitializeOnLoad (20ms)
				EditorAssembliesLoaded (0ms)
			ExecutionOrderSort2 (0ms)
			AwakeInstancesAfterBackupRestoration (20ms)
Platform modules already initialized, skipping
Refreshing native plugins compatible for Editor in 1.16 ms, found 2 plugins.
Preloading 0 native plugins for Editor in 0.00 ms.
Unloading 2636 Unused Serialized files (Serialized files now loaded: 0)
System memory in use before: 124.7 MB.
System memory in use after: 124.9 MB.

Unloading 12 unused Assets to reduce memory usage. Loaded Objects now: 3285.
Total: 5.692400 ms (FindLiveObjects: 0.647400 ms CreateObjectMapping: 0.301100 ms MarkObjects: 4.683000 ms  DeleteObjects: 0.059000 ms)

AssetImportParameters requested are different than current active one (requested -> active):
  custom:framework-win-MediaFoundation: 216162199b28c13a410421893ffa2e32 -> 
  custom:video-decoder-ogg-theora: a1e56fd34408186e4bbccfd4996cb3dc -> 
  custom:container-muxer-webm: aa71ff27fc2769a1b78a27578f13a17b -> 
  custom:container-demuxer-webm: 4f35f7cbe854078d1ac9338744f61a02 -> 
  custom:container-demuxer-ogg: 62fdf1f143b41e24485cea50d1cbac27 -> 
  custom:video-encoder-webm-vp8: eb34c28f22e8b96e1ab97ce403110664 -> 
  custom:video-decoder-webm-vp8: 9c59270c3fd7afecdb556c50c9e8de78 -> 
  custom:audio-decoder-ogg-vorbis: bf7c407c2cedff20999df2af8eb42d56 -> 
  custom:audio-encoder-webm-vorbis: bf7c407c2cedff20999df2af8eb42d56 -> 
========================================================================
Received Import Request.
  Time since last request: 162.091662 seconds.
  path: Assets/PROVA_1/OTDB/SCRIPTS/PLANE_CONTROLLER.cs
  artifactKey: Guid(fd63be201a302494ba4e8a1cc2c6cd68) Importer(815301076,1909f56bfc062723c751e8b465ee728b)
Start importing Assets/PROVA_1/OTDB/SCRIPTS/PLANE_CONTROLLER.cs using Guid(fd63be201a302494ba4e8a1cc2c6cd68) Importer(815301076,1909f56bfc062723c751e8b465ee728b)  -> (artifact id: '053b626e732c672f971a67cfdbee38ab') in 0.012067 seconds 
  Import took 0.038579 seconds .

========================================================================
Received Import Request.
  Time since last request: 21.584937 seconds.
  path: Assets/PROVA_1
  artifactKey: Guid(d9514c6f080b1ab4e891c97f21293ef4) Importer(815301076,1909f56bfc062723c751e8b465ee728b)
Start importing Assets/PROVA_1 using Guid(d9514c6f080b1ab4e891c97f21293ef4) Importer(815301076,1909f56bfc062723c751e8b465ee728b)  -> (artifact id: 'e2f091e89c40c17a2a9792d908e2cbb1') in 0.005000 seconds 
  Import took 0.034284 seconds .

========================================================================
Received Prepare
Registering precompiled user dll's ...
Registered in 0.006279 seconds.
Begin MonoManager ReloadAssembly
Native extension for WindowsStandalone target not found
Refreshing native plugins compatible for Editor in 0.61 ms, found 2 plugins.
Preloading 0 native plugins for Editor in 0.00 ms.
Mono: successfully reloaded assembly
- Completed reload, in  1.372 seconds
Domain Reload Profiling:
	ReloadAssembly (1373ms)
		BeginReloadAssembly (156ms)
			ExecutionOrderSort (0ms)
			DisableScriptedObjects (5ms)
			BackupInstance (0ms)
			ReleaseScriptingObjects (0ms)
			CreateAndSetChildDomain (40ms)
		EndReloadAssembly (1121ms)
			LoadAssemblies (145ms)
			RebuildTransferFunctionScriptingTraits (0ms)
			SetupTypeCache (401ms)
			ReleaseScriptCaches (2ms)
			RebuildScriptCaches (45ms)
			SetupLoadedEditorAssemblies (369ms)
				LogAssemblyErrors (0ms)
				InitializePlatformSupportModulesInManaged (6ms)
				SetLoadedEditorAssemblies (1ms)
				RefreshPlugins (1ms)
				BeforeProcessingInitializeOnLoad (103ms)
				ProcessInitializeOnLoadAttributes (232ms)
				ProcessInitializeOnLoadMethodAttributes (5ms)
				AfterProcessingInitializeOnLoad (21ms)
				EditorAssembliesLoaded (0ms)
			ExecutionOrderSort2 (0ms)
			AwakeInstancesAfterBackupRestoration (22ms)
Platform modules already initialized, skipping
Refreshing native plugins compatible for Editor in 0.95 ms, found 2 plugins.
Preloading 0 native plugins for Editor in 0.00 ms.
Unloading 2636 Unused Serialized files (Serialized files now loaded: 0)
System memory in use before: 124.7 MB.
System memory in use after: 124.9 MB.

Unloading 12 unused Assets to reduce memory usage. Loaded Objects now: 3287.
Total: 7.544200 ms (FindLiveObjects: 0.694000 ms CreateObjectMapping: 0.366700 ms MarkObjects: 6.410500 ms  DeleteObjects: 0.070500 ms)

AssetImportParameters requested are different than current active one (requested -> active):
  custom:framework-win-MediaFoundation: 216162199b28c13a410421893ffa2e32 -> 
  custom:video-decoder-ogg-theora: a1e56fd34408186e4bbccfd4996cb3dc -> 
  custom:container-muxer-webm: aa71ff27fc2769a1b78a27578f13a17b -> 
  custom:container-demuxer-webm: 4f35f7cbe854078d1ac9338744f61a02 -> 
  custom:container-demuxer-ogg: 62fdf1f143b41e24485cea50d1cbac27 -> 
  custom:video-encoder-webm-vp8: eb34c28f22e8b96e1ab97ce403110664 -> 
  custom:video-decoder-webm-vp8: 9c59270c3fd7afecdb556c50c9e8de78 -> 
  custom:audio-decoder-ogg-vorbis: bf7c407c2cedff20999df2af8eb42d56 -> 
  custom:audio-encoder-webm-vorbis: bf7c407c2cedff20999df2af8eb42d56 -> 
========================================================================
Received Prepare
Registering precompiled user dll's ...
Registered in 0.008224 seconds.
Begin MonoManager ReloadAssembly
Native extension for WindowsStandalone target not found
Refreshing native plugins compatible for Editor in 0.59 ms, found 2 plugins.
Preloading 0 native plugins for Editor in 0.00 ms.
Mono: successfully reloaded assembly
- Completed reload, in  1.299 seconds
Domain Reload Profiling:
	ReloadAssembly (1299ms)
		BeginReloadAssembly (153ms)
			ExecutionOrderSort (0ms)
			DisableScriptedObjects (6ms)
			BackupInstance (0ms)
			ReleaseScriptingObjects (0ms)
			CreateAndSetChildDomain (42ms)
		EndReloadAssembly (1056ms)
			LoadAssemblies (136ms)
			RebuildTransferFunctionScriptingTraits (0ms)
			SetupTypeCache (360ms)
			ReleaseScriptCaches (2ms)
			RebuildScriptCaches (54ms)
			SetupLoadedEditorAssemblies (346ms)
				LogAssemblyErrors (0ms)
				InitializePlatformSupportModulesInManaged (6ms)
				SetLoadedEditorAssemblies (0ms)
				RefreshPlugins (1ms)
				BeforeProcessingInitializeOnLoad (99ms)
				ProcessInitializeOnLoadAttributes (219ms)
				ProcessInitializeOnLoadMethodAttributes (4ms)
				AfterProcessingInitializeOnLoad (16ms)
				EditorAssembliesLoaded (0ms)
			ExecutionOrderSort2 (0ms)
			AwakeInstancesAfterBackupRestoration (17ms)
Platform modules already initialized, skipping
Refreshing native plugins compatible for Editor in 1.08 ms, found 2 plugins.
Preloading 0 native plugins for Editor in 0.00 ms.
Unloading 2636 Unused Serialized files (Serialized files now loaded: 0)
System memory in use before: 124.7 MB.
System memory in use after: 124.9 MB.

Unloading 12 unused Assets to reduce memory usage. Loaded Objects now: 3289.
Total: 6.835900 ms (FindLiveObjects: 0.708300 ms CreateObjectMapping: 0.359700 ms MarkObjects: 5.733700 ms  DeleteObjects: 0.032300 ms)

AssetImportParameters requested are different than current active one (requested -> active):
  custom:framework-win-MediaFoundation: 216162199b28c13a410421893ffa2e32 -> 
  custom:video-decoder-ogg-theora: a1e56fd34408186e4bbccfd4996cb3dc -> 
  custom:container-muxer-webm: aa71ff27fc2769a1b78a27578f13a17b -> 
  custom:container-demuxer-webm: 4f35f7cbe854078d1ac9338744f61a02 -> 
  custom:container-demuxer-ogg: 62fdf1f143b41e24485cea50d1cbac27 -> 
  custom:video-encoder-webm-vp8: eb34c28f22e8b96e1ab97ce403110664 -> 
  custom:video-decoder-webm-vp8: 9c59270c3fd7afecdb556c50c9e8de78 -> 
  custom:audio-decoder-ogg-vorbis: bf7c407c2cedff20999df2af8eb42d56 -> 
  custom:audio-encoder-webm-vorbis: bf7c407c2cedff20999df2af8eb42d56 -> 
========================================================================
Received Import Request.
  Time since last request: 24.714218 seconds.
  path: Assets/SCRIPTS
  artifactKey: Guid(c03db7e54ffedc4419377e04afc6ca5a) Importer(815301076,1909f56bfc062723c751e8b465ee728b)
Start importing Assets/SCRIPTS using Guid(c03db7e54ffedc4419377e04afc6ca5a) Importer(815301076,1909f56bfc062723c751e8b465ee728b)  -> (artifact id: '68c9fcfd034aead4fca90e1a4b672ab5') in 0.009102 seconds 
  Import took 0.016285 seconds .

========================================================================
Received Import Request.
  Time since last request: 9.899683 seconds.
  path: Assets/OTDB/SCRIPTS/MENU.cs
  artifactKey: Guid(e46324e417d77bb40b7b03c5d66df951) Importer(815301076,1909f56bfc062723c751e8b465ee728b)
Start importing Assets/OTDB/SCRIPTS/MENU.cs using Guid(e46324e417d77bb40b7b03c5d66df951) Importer(815301076,1909f56bfc062723c751e8b465ee728b)  -> (artifact id: 'b09a10ec878fca62146c70de62275011') in 0.003541 seconds 
  Import took 0.010481 seconds .

========================================================================
Received Import Request.
  Time since last request: 27.361166 seconds.
  path: Assets/SCRIPTS/Main Camera.prefab
  artifactKey: Guid(35b9e6296290878499b644369842fdf6) Importer(815301076,1909f56bfc062723c751e8b465ee728b)
Start importing Assets/SCRIPTS/Main Camera.prefab using Guid(35b9e6296290878499b644369842fdf6) Importer(815301076,1909f56bfc062723c751e8b465ee728b)  -> (artifact id: '33b9008934005ec8bad806b5af0b2572') in 0.041577 seconds 
  Import took 0.047465 seconds .

========================================================================
Received Import Request.
  Time since last request: 19.462667 seconds.
  path: Assets/CAMARA_DEFECTO
  artifactKey: Guid(c03db7e54ffedc4419377e04afc6ca5a) Importer(815301076,1909f56bfc062723c751e8b465ee728b)
Start importing Assets/CAMARA_DEFECTO using Guid(c03db7e54ffedc4419377e04afc6ca5a) Importer(815301076,1909f56bfc062723c751e8b465ee728b)  -> (artifact id: '28110e14060c13f1197b1732d374534b') in 0.003446 seconds 
  Import took 0.009756 seconds .

========================================================================
Received Import Request.
  Time since last request: 68.818346 seconds.
  path: Assets/OTDB/SCRIPTS/SAVE
  artifactKey: Guid(a2a7e41d6478821439ed9a2bb19d3fe6) Importer(815301076,1909f56bfc062723c751e8b465ee728b)
Start importing Assets/OTDB/SCRIPTS/SAVE using Guid(a2a7e41d6478821439ed9a2bb19d3fe6) Importer(815301076,1909f56bfc062723c751e8b465ee728b)  -> (artifact id: 'c5fada4d3b4fb99ba2fd2780a103d12e') in 0.004241 seconds 
  Import took 0.010969 seconds .

========================================================================
Received Import Request.
  Time since last request: 0.960631 seconds.
  path: Assets/OTDB/SCRIPTS/SAVE/PLAYER_CONTROLLER.cs
  artifactKey: Guid(5d5ff8d5e2f2f174195a04c7b566f061) Importer(815301076,1909f56bfc062723c751e8b465ee728b)
Start importing Assets/OTDB/SCRIPTS/SAVE/PLAYER_CONTROLLER.cs using Guid(5d5ff8d5e2f2f174195a04c7b566f061) Importer(815301076,1909f56bfc062723c751e8b465ee728b)  -> (artifact id: 'fa2db6cbe62543b7d8d5f571749554cf') in 0.003936 seconds 
  Import took 0.026092 seconds .

========================================================================
Received Prepare
Registering precompiled user dll's ...
Registered in 0.005873 seconds.
Begin MonoManager ReloadAssembly
Native extension for WindowsStandalone target not found
Refreshing native plugins compatible for Editor in 1.36 ms, found 2 plugins.
Preloading 0 native plugins for Editor in 0.00 ms.
Mono: successfully reloaded assembly
- Completed reload, in  1.267 seconds
Domain Reload Profiling:
	ReloadAssembly (1268ms)
		BeginReloadAssembly (142ms)
			ExecutionOrderSort (0ms)
			DisableScriptedObjects (5ms)
			BackupInstance (0ms)
			ReleaseScriptingObjects (0ms)
			CreateAndSetChildDomain (42ms)
		EndReloadAssembly (1045ms)
			LoadAssemblies (124ms)
			RebuildTransferFunctionScriptingTraits (0ms)
			SetupTypeCache (340ms)
			ReleaseScriptCaches (2ms)
			RebuildScriptCaches (46ms)
			SetupLoadedEditorAssemblies (377ms)
				LogAssemblyErrors (0ms)
				InitializePlatformSupportModulesInManaged (5ms)
				SetLoadedEditorAssemblies (1ms)
				RefreshPlugins (1ms)
				BeforeProcessingInitializeOnLoad (102ms)
				ProcessInitializeOnLoadAttributes (246ms)
				ProcessInitializeOnLoadMethodAttributes (5ms)
				AfterProcessingInitializeOnLoad (16ms)
				EditorAssembliesLoaded (0ms)
			ExecutionOrderSort2 (0ms)
			AwakeInstancesAfterBackupRestoration (17ms)
Platform modules already initialized, skipping
Refreshing native plugins compatible for Editor in 1.25 ms, found 2 plugins.
Preloading 0 native plugins for Editor in 0.00 ms.
Unloading 2636 Unused Serialized files (Serialized files now loaded: 0)
System memory in use before: 124.7 MB.
System memory in use after: 125.0 MB.

Unloading 12 unused Assets to reduce memory usage. Loaded Objects now: 3291.
Total: 6.394300 ms (FindLiveObjects: 0.724600 ms CreateObjectMapping: 0.405000 ms MarkObjects: 5.237500 ms  DeleteObjects: 0.024700 ms)

AssetImportParameters requested are different than current active one (requested -> active):
  custom:framework-win-MediaFoundation: 216162199b28c13a410421893ffa2e32 -> 
  custom:video-decoder-ogg-theora: a1e56fd34408186e4bbccfd4996cb3dc -> 
  custom:container-muxer-webm: aa71ff27fc2769a1b78a27578f13a17b -> 
  custom:container-demuxer-webm: 4f35f7cbe854078d1ac9338744f61a02 -> 
  custom:container-demuxer-ogg: 62fdf1f143b41e24485cea50d1cbac27 -> 
  custom:video-encoder-webm-vp8: eb34c28f22e8b96e1ab97ce403110664 -> 
  custom:video-decoder-webm-vp8: 9c59270c3fd7afecdb556c50c9e8de78 -> 
  custom:audio-decoder-ogg-vorbis: bf7c407c2cedff20999df2af8eb42d56 -> 
  custom:audio-encoder-webm-vorbis: bf7c407c2cedff20999df2af8eb42d56 -> 
========================================================================
Received Prepare
Registering precompiled user dll's ...
Registered in 0.005440 seconds.
Begin MonoManager ReloadAssembly
Native extension for WindowsStandalone target not found
Refreshing native plugins compatible for Editor in 0.60 ms, found 2 plugins.
Preloading 0 native plugins for Editor in 0.00 ms.
Mono: successfully reloaded assembly
- Completed reload, in  1.345 seconds
Domain Reload Profiling:
	ReloadAssembly (1346ms)
		BeginReloadAssembly (152ms)
			ExecutionOrderSort (0ms)
			DisableScriptedObjects (6ms)
			BackupInstance (0ms)
			ReleaseScriptingObjects (0ms)
			CreateAndSetChildDomain (39ms)
		EndReloadAssembly (1101ms)
			LoadAssemblies (140ms)
			RebuildTransferFunctionScriptingTraits (0ms)
			SetupTypeCache (417ms)
			ReleaseScriptCaches (2ms)
			RebuildScriptCaches (51ms)
			SetupLoadedEditorAssemblies (352ms)
				LogAssemblyErrors (0ms)
				InitializePlatformSupportModulesInManaged (6ms)
				SetLoadedEditorAssemblies (0ms)
				RefreshPlugins (1ms)
				BeforeProcessingInitializeOnLoad (99ms)
				ProcessInitializeOnLoadAttributes (221ms)
				ProcessInitializeOnLoadMethodAttributes (4ms)
				AfterProcessingInitializeOnLoad (21ms)
				EditorAssembliesLoaded (1ms)
			ExecutionOrderSort2 (0ms)
			AwakeInstancesAfterBackupRestoration (23ms)
Platform modules already initialized, skipping
Refreshing native plugins compatible for Editor in 1.01 ms, found 2 plugins.
Preloading 0 native plugins for Editor in 0.00 ms.
Unloading 2636 Unused Serialized files (Serialized files now loaded: 0)
System memory in use before: 124.7 MB.
System memory in use after: 125.0 MB.

Unloading 12 unused Assets to reduce memory usage. Loaded Objects now: 3293.
Total: 6.544900 ms (FindLiveObjects: 0.751300 ms CreateObjectMapping: 0.361600 ms MarkObjects: 5.399200 ms  DeleteObjects: 0.031000 ms)

AssetImportParameters requested are different than current active one (requested -> active):
  custom:framework-win-MediaFoundation: 216162199b28c13a410421893ffa2e32 -> 
  custom:video-decoder-ogg-theora: a1e56fd34408186e4bbccfd4996cb3dc -> 
  custom:container-muxer-webm: aa71ff27fc2769a1b78a27578f13a17b -> 
  custom:container-demuxer-webm: 4f35f7cbe854078d1ac9338744f61a02 -> 
  custom:container-demuxer-ogg: 62fdf1f143b41e24485cea50d1cbac27 -> 
  custom:video-encoder-webm-vp8: eb34c28f22e8b96e1ab97ce403110664 -> 
  custom:video-decoder-webm-vp8: 9c59270c3fd7afecdb556c50c9e8de78 -> 
  custom:audio-decoder-ogg-vorbis: bf7c407c2cedff20999df2af8eb42d56 -> 
  custom:audio-encoder-webm-vorbis: bf7c407c2cedff20999df2af8eb42d56 -> 
========================================================================
Received Prepare
Registering precompiled user dll's ...
Registered in 0.006710 seconds.
Begin MonoManager ReloadAssembly
Native extension for WindowsStandalone target not found
Refreshing native plugins compatible for Editor in 0.71 ms, found 2 plugins.
Preloading 0 native plugins for Editor in 0.00 ms.
Mono: successfully reloaded assembly
- Completed reload, in  1.285 seconds
Domain Reload Profiling:
	ReloadAssembly (1286ms)
		BeginReloadAssembly (154ms)
			ExecutionOrderSort (0ms)
			DisableScriptedObjects (6ms)
			BackupInstance (0ms)
			ReleaseScriptingObjects (0ms)
			CreateAndSetChildDomain (41ms)
		EndReloadAssembly (1043ms)
			LoadAssemblies (136ms)
			RebuildTransferFunctionScriptingTraits (0ms)
			SetupTypeCache (351ms)
			ReleaseScriptCaches (1ms)
			RebuildScriptCaches (52ms)
			SetupLoadedEditorAssemblies (359ms)
				LogAssemblyErrors (0ms)
				InitializePlatformSupportModulesInManaged (5ms)
				SetLoadedEditorAssemblies (0ms)
				RefreshPlugins (1ms)
				BeforeProcessingInitializeOnLoad (98ms)
				ProcessInitializeOnLoadAttributes (232ms)
				ProcessInitializeOnLoadMethodAttributes (7ms)
				AfterProcessingInitializeOnLoad (16ms)
				EditorAssembliesLoaded (0ms)
			ExecutionOrderSort2 (0ms)
			AwakeInstancesAfterBackupRestoration (20ms)
Platform modules already initialized, skipping
Refreshing native plugins compatible for Editor in 1.12 ms, found 2 plugins.
Preloading 0 native plugins for Editor in 0.00 ms.
Unloading 2636 Unused Serialized files (Serialized files now loaded: 0)
System memory in use before: 124.7 MB.
System memory in use after: 125.0 MB.

Unloading 12 unused Assets to reduce memory usage. Loaded Objects now: 3295.
Total: 8.443500 ms (FindLiveObjects: 0.702100 ms CreateObjectMapping: 0.337700 ms MarkObjects: 7.372700 ms  DeleteObjects: 0.029300 ms)

AssetImportParameters requested are different than current active one (requested -> active):
  custom:framework-win-MediaFoundation: 216162199b28c13a410421893ffa2e32 -> 
  custom:video-decoder-ogg-theora: a1e56fd34408186e4bbccfd4996cb3dc -> 
  custom:container-muxer-webm: aa71ff27fc2769a1b78a27578f13a17b -> 
  custom:container-demuxer-webm: 4f35f7cbe854078d1ac9338744f61a02 -> 
  custom:container-demuxer-ogg: 62fdf1f143b41e24485cea50d1cbac27 -> 
  custom:video-encoder-webm-vp8: eb34c28f22e8b96e1ab97ce403110664 -> 
  custom:video-decoder-webm-vp8: 9c59270c3fd7afecdb556c50c9e8de78 -> 
  custom:audio-decoder-ogg-vorbis: bf7c407c2cedff20999df2af8eb42d56 -> 
  custom:audio-encoder-webm-vorbis: bf7c407c2cedff20999df2af8eb42d56 -> 
========================================================================
Received Prepare
Registering precompiled user dll's ...
Registered in 0.006272 seconds.
Begin MonoManager ReloadAssembly
Native extension for WindowsStandalone target not found
Refreshing native plugins compatible for Editor in 0.65 ms, found 2 plugins.
Preloading 0 native plugins for Editor in 0.00 ms.
Mono: successfully reloaded assembly
- Completed reload, in  1.267 seconds
Domain Reload Profiling:
	ReloadAssembly (1268ms)
		BeginReloadAssembly (163ms)
			ExecutionOrderSort (0ms)
			DisableScriptedObjects (5ms)
			BackupInstance (0ms)
			ReleaseScriptingObjects (0ms)
			CreateAndSetChildDomain (48ms)
		EndReloadAssembly (1024ms)
			LoadAssemblies (124ms)
			RebuildTransferFunctionScriptingTraits (0ms)
			SetupTypeCache (358ms)
			ReleaseScriptCaches (2ms)
			RebuildScriptCaches (48ms)
			SetupLoadedEditorAssemblies (347ms)
				LogAssemblyErrors (0ms)
				InitializePlatformSupportModulesInManaged (5ms)
				SetLoadedEditorAssemblies (1ms)
				RefreshPlugins (1ms)
				BeforeProcessingInitializeOnLoad (98ms)
				ProcessInitializeOnLoadAttributes (222ms)
				ProcessInitializeOnLoadMethodAttributes (4ms)
				AfterProcessingInitializeOnLoad (16ms)
				EditorAssembliesLoaded (0ms)
			ExecutionOrderSort2 (0ms)
			AwakeInstancesAfterBackupRestoration (18ms)
Platform modules already initialized, skipping
Refreshing native plugins compatible for Editor in 1.08 ms, found 2 plugins.
Preloading 0 native plugins for Editor in 0.00 ms.
Unloading 2636 Unused Serialized files (Serialized files now loaded: 0)
System memory in use before: 124.8 MB.
System memory in use after: 125.0 MB.

Unloading 12 unused Assets to reduce memory usage. Loaded Objects now: 3297.
Total: 6.220300 ms (FindLiveObjects: 0.384400 ms CreateObjectMapping: 0.274100 ms MarkObjects: 5.526600 ms  DeleteObjects: 0.033800 ms)

AssetImportParameters requested are different than current active one (requested -> active):
  custom:framework-win-MediaFoundation: 216162199b28c13a410421893ffa2e32 -> 
  custom:video-decoder-ogg-theora: a1e56fd34408186e4bbccfd4996cb3dc -> 
  custom:container-muxer-webm: aa71ff27fc2769a1b78a27578f13a17b -> 
  custom:container-demuxer-webm: 4f35f7cbe854078d1ac9338744f61a02 -> 
  custom:container-demuxer-ogg: 62fdf1f143b41e24485cea50d1cbac27 -> 
  custom:video-encoder-webm-vp8: eb34c28f22e8b96e1ab97ce403110664 -> 
  custom:video-decoder-webm-vp8: 9c59270c3fd7afecdb556c50c9e8de78 -> 
  custom:audio-decoder-ogg-vorbis: bf7c407c2cedff20999df2af8eb42d56 -> 
  custom:audio-encoder-webm-vorbis: bf7c407c2cedff20999df2af8eb42d56 -> 
========================================================================
Received Prepare
Registering precompiled user dll's ...
Registered in 0.006816 seconds.
Begin MonoManager ReloadAssembly
Native extension for WindowsStandalone target not found
Refreshing native plugins compatible for Editor in 0.63 ms, found 2 plugins.
Preloading 0 native plugins for Editor in 0.00 ms.
Mono: successfully reloaded assembly
- Completed reload, in  1.305 seconds
Domain Reload Profiling:
	ReloadAssembly (1305ms)
		BeginReloadAssembly (155ms)
			ExecutionOrderSort (0ms)
			DisableScriptedObjects (5ms)
			BackupInstance (0ms)
			ReleaseScriptingObjects (0ms)
			CreateAndSetChildDomain (37ms)
		EndReloadAssembly (1060ms)
			LoadAssemblies (136ms)
			RebuildTransferFunctionScriptingTraits (0ms)
			SetupTypeCache (360ms)
			ReleaseScriptCaches (2ms)
			RebuildScriptCaches (46ms)
			SetupLoadedEditorAssemblies (375ms)
				LogAssemblyErrors (0ms)
				InitializePlatformSupportModulesInManaged (5ms)
				SetLoadedEditorAssemblies (0ms)
				RefreshPlugins (1ms)
				BeforeProcessingInitializeOnLoad (105ms)
				ProcessInitializeOnLoadAttributes (235ms)
				ProcessInitializeOnLoadMethodAttributes (8ms)
				AfterProcessingInitializeOnLoad (20ms)
				EditorAssembliesLoaded (0ms)
			ExecutionOrderSort2 (0ms)
			AwakeInstancesAfterBackupRestoration (19ms)
Platform modules already initialized, skipping
Refreshing native plugins compatible for Editor in 1.15 ms, found 2 plugins.
Preloading 0 native plugins for Editor in 0.00 ms.
Unloading 2636 Unused Serialized files (Serialized files now loaded: 0)
System memory in use before: 124.8 MB.
System memory in use after: 125.0 MB.

Unloading 12 unused Assets to reduce memory usage. Loaded Objects now: 3299.
Total: 7.130400 ms (FindLiveObjects: 0.687100 ms CreateObjectMapping: 0.425100 ms MarkObjects: 5.980700 ms  DeleteObjects: 0.035500 ms)

AssetImportParameters requested are different than current active one (requested -> active):
  custom:framework-win-MediaFoundation: 216162199b28c13a410421893ffa2e32 -> 
  custom:video-decoder-ogg-theora: a1e56fd34408186e4bbccfd4996cb3dc -> 
  custom:container-muxer-webm: aa71ff27fc2769a1b78a27578f13a17b -> 
  custom:container-demuxer-webm: 4f35f7cbe854078d1ac9338744f61a02 -> 
  custom:container-demuxer-ogg: 62fdf1f143b41e24485cea50d1cbac27 -> 
  custom:video-encoder-webm-vp8: eb34c28f22e8b96e1ab97ce403110664 -> 
  custom:video-decoder-webm-vp8: 9c59270c3fd7afecdb556c50c9e8de78 -> 
  custom:audio-decoder-ogg-vorbis: bf7c407c2cedff20999df2af8eb42d56 -> 
  custom:audio-encoder-webm-vorbis: bf7c407c2cedff20999df2af8eb42d56 -> 
========================================================================
Received Prepare
Registering precompiled user dll's ...
Registered in 0.005456 seconds.
Begin MonoManager ReloadAssembly
Native extension for WindowsStandalone target not found
Refreshing native plugins compatible for Editor in 0.69 ms, found 2 plugins.
Preloading 0 native plugins for Editor in 0.00 ms.
Mono: successfully reloaded assembly
- Completed reload, in  1.293 seconds
Domain Reload Profiling:
	ReloadAssembly (1294ms)
		BeginReloadAssembly (166ms)
			ExecutionOrderSort (0ms)
			DisableScriptedObjects (5ms)
			BackupInstance (0ms)
			ReleaseScriptingObjects (0ms)
			CreateAndSetChildDomain (51ms)
		EndReloadAssembly (1044ms)
			LoadAssemblies (138ms)
			RebuildTransferFunctionScriptingTraits (0ms)
			SetupTypeCache (357ms)
			ReleaseScriptCaches (2ms)
			RebuildScriptCaches (44ms)
			SetupLoadedEditorAssemblies (365ms)
				LogAssemblyErrors (0ms)
				InitializePlatformSupportModulesInManaged (8ms)
				SetLoadedEditorAssemblies (0ms)
				RefreshPlugins (1ms)
				BeforeProcessingInitializeOnLoad (110ms)
				ProcessInitializeOnLoadAttributes (225ms)
				ProcessInitializeOnLoadMethodAttributes (4ms)
				AfterProcessingInitializeOnLoad (16ms)
				EditorAssembliesLoaded (0ms)
			ExecutionOrderSort2 (0ms)
			AwakeInstancesAfterBackupRestoration (17ms)
Platform modules already initialized, skipping
Refreshing native plugins compatible for Editor in 0.85 ms, found 2 plugins.
Preloading 0 native plugins for Editor in 0.00 ms.
Unloading 2636 Unused Serialized files (Serialized files now loaded: 0)
System memory in use before: 124.8 MB.
System memory in use after: 125.0 MB.

Unloading 12 unused Assets to reduce memory usage. Loaded Objects now: 3301.
Total: 10.352600 ms (FindLiveObjects: 0.573200 ms CreateObjectMapping: 0.464600 ms MarkObjects: 9.276200 ms  DeleteObjects: 0.036600 ms)

AssetImportParameters requested are different than current active one (requested -> active):
  custom:framework-win-MediaFoundation: 216162199b28c13a410421893ffa2e32 -> 
  custom:video-decoder-ogg-theora: a1e56fd34408186e4bbccfd4996cb3dc -> 
  custom:container-muxer-webm: aa71ff27fc2769a1b78a27578f13a17b -> 
  custom:container-demuxer-webm: 4f35f7cbe854078d1ac9338744f61a02 -> 
  custom:container-demuxer-ogg: 62fdf1f143b41e24485cea50d1cbac27 -> 
  custom:video-encoder-webm-vp8: eb34c28f22e8b96e1ab97ce403110664 -> 
  custom:video-decoder-webm-vp8: 9c59270c3fd7afecdb556c50c9e8de78 -> 
  custom:audio-decoder-ogg-vorbis: bf7c407c2cedff20999df2af8eb42d56 -> 
  custom:audio-encoder-webm-vorbis: bf7c407c2cedff20999df2af8eb42d56 -> 
========================================================================
Received Prepare
Registering precompiled user dll's ...
Registered in 0.005397 seconds.
Begin MonoManager ReloadAssembly
Native extension for WindowsStandalone target not found
Refreshing native plugins compatible for Editor in 0.66 ms, found 2 plugins.
Preloading 0 native plugins for Editor in 0.00 ms.
Mono: successfully reloaded assembly
- Completed reload, in  1.312 seconds
Domain Reload Profiling:
	ReloadAssembly (1312ms)
		BeginReloadAssembly (140ms)
			ExecutionOrderSort (0ms)
			DisableScriptedObjects (5ms)
			BackupInstance (0ms)
			ReleaseScriptingObjects (0ms)
			CreateAndSetChildDomain (41ms)
		EndReloadAssembly (1087ms)
			LoadAssemblies (135ms)
			RebuildTransferFunctionScriptingTraits (0ms)
			SetupTypeCache (379ms)
			ReleaseScriptCaches (2ms)
			RebuildScriptCaches (56ms)
			SetupLoadedEditorAssemblies (365ms)
				LogAssemblyErrors (0ms)
				InitializePlatformSupportModulesInManaged (6ms)
				SetLoadedEditorAssemblies (0ms)
				RefreshPlugins (1ms)
				BeforeProcessingInitializeOnLoad (101ms)
				ProcessInitializeOnLoadAttributes (236ms)
				ProcessInitializeOnLoadMethodAttributes (4ms)
				AfterProcessingInitializeOnLoad (16ms)
				EditorAssembliesLoaded (0ms)
			ExecutionOrderSort2 (0ms)
			AwakeInstancesAfterBackupRestoration (17ms)
Platform modules already initialized, skipping
Refreshing native plugins compatible for Editor in 0.64 ms, found 2 plugins.
Preloading 0 native plugins for Editor in 0.00 ms.
Unloading 2636 Unused Serialized files (Serialized files now loaded: 0)
System memory in use before: 124.8 MB.
System memory in use after: 125.0 MB.

Unloading 12 unused Assets to reduce memory usage. Loaded Objects now: 3303.
Total: 6.962500 ms (FindLiveObjects: 0.763000 ms CreateObjectMapping: 0.407800 ms MarkObjects: 5.755100 ms  DeleteObjects: 0.034200 ms)

AssetImportParameters requested are different than current active one (requested -> active):
  custom:framework-win-MediaFoundation: 216162199b28c13a410421893ffa2e32 -> 
  custom:video-decoder-ogg-theora: a1e56fd34408186e4bbccfd4996cb3dc -> 
  custom:container-muxer-webm: aa71ff27fc2769a1b78a27578f13a17b -> 
  custom:container-demuxer-webm: 4f35f7cbe854078d1ac9338744f61a02 -> 
  custom:container-demuxer-ogg: 62fdf1f143b41e24485cea50d1cbac27 -> 
  custom:video-encoder-webm-vp8: eb34c28f22e8b96e1ab97ce403110664 -> 
  custom:video-decoder-webm-vp8: 9c59270c3fd7afecdb556c50c9e8de78 -> 
  custom:audio-decoder-ogg-vorbis: bf7c407c2cedff20999df2af8eb42d56 -> 
  custom:audio-encoder-webm-vorbis: bf7c407c2cedff20999df2af8eb42d56 -> 
========================================================================
Received Prepare
Registering precompiled user dll's ...
Registered in 0.006029 seconds.
Begin MonoManager ReloadAssembly
Native extension for WindowsStandalone target not found
Refreshing native plugins compatible for Editor in 0.64 ms, found 2 plugins.
Preloading 0 native plugins for Editor in 0.00 ms.
Mono: successfully reloaded assembly
- Completed reload, in  1.288 seconds
Domain Reload Profiling:
	ReloadAssembly (1289ms)
		BeginReloadAssembly (153ms)
			ExecutionOrderSort (0ms)
			DisableScriptedObjects (6ms)
			BackupInstance (0ms)
			ReleaseScriptingObjects (0ms)
			CreateAndSetChildDomain (37ms)
		EndReloadAssembly (1053ms)
			LoadAssemblies (137ms)
			RebuildTransferFunctionScriptingTraits (0ms)
			SetupTypeCache (359ms)
			ReleaseScriptCaches (2ms)
			RebuildScriptCaches (49ms)
			SetupLoadedEditorAssemblies (346ms)
				LogAssemblyErrors (0ms)
				InitializePlatformSupportModulesInManaged (5ms)
				SetLoadedEditorAssemblies (0ms)
				RefreshPlugins (1ms)
				BeforeProcessingInitializeOnLoad (96ms)
				ProcessInitializeOnLoadAttributes (220ms)
				ProcessInitializeOnLoadMethodAttributes (4ms)
				AfterProcessingInitializeOnLoad (18ms)
				EditorAssembliesLoaded (1ms)
			ExecutionOrderSort2 (0ms)
			AwakeInstancesAfterBackupRestoration (23ms)
Platform modules already initialized, skipping
Refreshing native plugins compatible for Editor in 0.64 ms, found 2 plugins.
Preloading 0 native plugins for Editor in 0.00 ms.
Unloading 2636 Unused Serialized files (Serialized files now loaded: 0)
System memory in use before: 124.8 MB.
System memory in use after: 125.0 MB.

Unloading 12 unused Assets to reduce memory usage. Loaded Objects now: 3305.
Total: 5.641100 ms (FindLiveObjects: 0.412900 ms CreateObjectMapping: 0.322800 ms MarkObjects: 4.875300 ms  DeleteObjects: 0.028000 ms)

AssetImportParameters requested are different than current active one (requested -> active):
  custom:framework-win-MediaFoundation: 216162199b28c13a410421893ffa2e32 -> 
  custom:video-decoder-ogg-theora: a1e56fd34408186e4bbccfd4996cb3dc -> 
  custom:container-muxer-webm: aa71ff27fc2769a1b78a27578f13a17b -> 
  custom:container-demuxer-webm: 4f35f7cbe854078d1ac9338744f61a02 -> 
  custom:container-demuxer-ogg: 62fdf1f143b41e24485cea50d1cbac27 -> 
  custom:video-encoder-webm-vp8: eb34c28f22e8b96e1ab97ce403110664 -> 
  custom:video-decoder-webm-vp8: 9c59270c3fd7afecdb556c50c9e8de78 -> 
  custom:audio-decoder-ogg-vorbis: bf7c407c2cedff20999df2af8eb42d56 -> 
  custom:audio-encoder-webm-vorbis: bf7c407c2cedff20999df2af8eb42d56 -> 
========================================================================
Received Prepare
Registering precompiled user dll's ...
Registered in 0.005513 seconds.
Begin MonoManager ReloadAssembly
Native extension for WindowsStandalone target not found
Refreshing native plugins compatible for Editor in 0.75 ms, found 2 plugins.
Preloading 0 native plugins for Editor in 0.00 ms.
Mono: successfully reloaded assembly
- Completed reload, in  1.329 seconds
Domain Reload Profiling:
	ReloadAssembly (1329ms)
		BeginReloadAssembly (146ms)
			ExecutionOrderSort (0ms)
			DisableScriptedObjects (5ms)
			BackupInstance (0ms)
			ReleaseScriptingObjects (0ms)
			CreateAndSetChildDomain (40ms)
		EndReloadAssembly (1095ms)
			LoadAssemblies (126ms)
			RebuildTransferFunctionScriptingTraits (0ms)
			SetupTypeCache (385ms)
			ReleaseScriptCaches (1ms)
			RebuildScriptCaches (49ms)
			SetupLoadedEditorAssemblies (369ms)
				LogAssemblyErrors (0ms)
				InitializePlatformSupportModulesInManaged (7ms)
				SetLoadedEditorAssemblies (1ms)
				RefreshPlugins (1ms)
				BeforeProcessingInitializeOnLoad (111ms)
				ProcessInitializeOnLoadAttributes (229ms)
				ProcessInitializeOnLoadMethodAttributes (4ms)
				AfterProcessingInitializeOnLoad (16ms)
				EditorAssembliesLoaded (0ms)
			ExecutionOrderSort2 (0ms)
			AwakeInstancesAfterBackupRestoration (21ms)
Platform modules already initialized, skipping
Refreshing native plugins compatible for Editor in 0.74 ms, found 2 plugins.
Preloading 0 native plugins for Editor in 0.00 ms.
Unloading 2636 Unused Serialized files (Serialized files now loaded: 0)
System memory in use before: 124.8 MB.
System memory in use after: 125.0 MB.

Unloading 12 unused Assets to reduce memory usage. Loaded Objects now: 3307.
Total: 10.120100 ms (FindLiveObjects: 0.603300 ms CreateObjectMapping: 0.372600 ms MarkObjects: 9.118100 ms  DeleteObjects: 0.024200 ms)

AssetImportParameters requested are different than current active one (requested -> active):
  custom:framework-win-MediaFoundation: 216162199b28c13a410421893ffa2e32 -> 
  custom:video-decoder-ogg-theora: a1e56fd34408186e4bbccfd4996cb3dc -> 
  custom:container-muxer-webm: aa71ff27fc2769a1b78a27578f13a17b -> 
  custom:container-demuxer-webm: 4f35f7cbe854078d1ac9338744f61a02 -> 
  custom:container-demuxer-ogg: 62fdf1f143b41e24485cea50d1cbac27 -> 
  custom:video-encoder-webm-vp8: eb34c28f22e8b96e1ab97ce403110664 -> 
  custom:video-decoder-webm-vp8: 9c59270c3fd7afecdb556c50c9e8de78 -> 
  custom:audio-decoder-ogg-vorbis: bf7c407c2cedff20999df2af8eb42d56 -> 
  custom:audio-encoder-webm-vorbis: bf7c407c2cedff20999df2af8eb42d56 -> 
========================================================================
Received Prepare
Registering precompiled user dll's ...
Registered in 0.006158 seconds.
Begin MonoManager ReloadAssembly
Native extension for WindowsStandalone target not found
Refreshing native plugins compatible for Editor in 0.82 ms, found 2 plugins.
Preloading 0 native plugins for Editor in 0.00 ms.
Mono: successfully reloaded assembly
- Completed reload, in  1.604 seconds
Domain Reload Profiling:
	ReloadAssembly (1605ms)
		BeginReloadAssembly (184ms)
			ExecutionOrderSort (0ms)
			DisableScriptedObjects (7ms)
			BackupInstance (0ms)
			ReleaseScriptingObjects (0ms)
			CreateAndSetChildDomain (56ms)
		EndReloadAssembly (1310ms)
			LoadAssemblies (169ms)
			RebuildTransferFunctionScriptingTraits (0ms)
			SetupTypeCache (488ms)
			ReleaseScriptCaches (2ms)
			RebuildScriptCaches (59ms)
			SetupLoadedEditorAssemblies (408ms)
				LogAssemblyErrors (0ms)
				InitializePlatformSupportModulesInManaged (7ms)
				SetLoadedEditorAssemblies (1ms)
				RefreshPlugins (1ms)
				BeforeProcessingInitializeOnLoad (121ms)
				ProcessInitializeOnLoadAttributes (256ms)
				ProcessInitializeOnLoadMethodAttributes (4ms)
				AfterProcessingInitializeOnLoad (18ms)
				EditorAssembliesLoaded (0ms)
			ExecutionOrderSort2 (0ms)
			AwakeInstancesAfterBackupRestoration (19ms)
Platform modules already initialized, skipping
Refreshing native plugins compatible for Editor in 1.12 ms, found 2 plugins.
Preloading 0 native plugins for Editor in 0.00 ms.
Unloading 2636 Unused Serialized files (Serialized files now loaded: 0)
System memory in use before: 124.8 MB.
System memory in use after: 125.0 MB.

Unloading 12 unused Assets to reduce memory usage. Loaded Objects now: 3309.
Total: 5.460500 ms (FindLiveObjects: 0.609400 ms CreateObjectMapping: 0.299800 ms MarkObjects: 4.520900 ms  DeleteObjects: 0.028600 ms)

AssetImportParameters requested are different than current active one (requested -> active):
  custom:framework-win-MediaFoundation: 216162199b28c13a410421893ffa2e32 -> 
  custom:video-decoder-ogg-theora: a1e56fd34408186e4bbccfd4996cb3dc -> 
  custom:container-muxer-webm: aa71ff27fc2769a1b78a27578f13a17b -> 
  custom:container-demuxer-webm: 4f35f7cbe854078d1ac9338744f61a02 -> 
  custom:container-demuxer-ogg: 62fdf1f143b41e24485cea50d1cbac27 -> 
  custom:video-encoder-webm-vp8: eb34c28f22e8b96e1ab97ce403110664 -> 
  custom:video-decoder-webm-vp8: 9c59270c3fd7afecdb556c50c9e8de78 -> 
  custom:audio-decoder-ogg-vorbis: bf7c407c2cedff20999df2af8eb42d56 -> 
  custom:audio-encoder-webm-vorbis: bf7c407c2cedff20999df2af8eb42d56 -> 
AssetImportWorkerClient::OnTransportError - code=2 error=End of file
