Using pre-set license
Built from '2020.3/staging' branch; Version is '2020.3.19f1 (68f137dc9bbe) revision 6877495'; Using compiler version '192528614'; Build Type 'Release'
OS: 'Windows 10 Pro; OS build 19043.1466; Version 2009; 64bit' Language: 'es' Physical Memory: 16342 MB
BatchMode: 1, IsHumanControllingUs: 0, StartBugReporterOnCrash: 0, Is64bit: 1, IsPro: 0

COMMAND LINE ARGUMENTS:
C:\Program Files\Unity\Hub\Editor\2020.3.19f1\Editor\Unity.exe
-adb2
-batchMode
-noUpm
-name
AssetImportWorker0
-projectPath
D:/Marc Carrot/OTDB_4
-logFile
Logs/AssetImportWorker0.log
-srvPort
51299
Successfully changed project path to: D:/Marc Carrot/OTDB_4
D:/Marc Carrot/OTDB_4
Using Asset Import Pipeline V2.
Refreshing native plugins compatible for Editor in 56.05 ms, found 2 plugins.
Preloading 0 native plugins for Editor in 0.00 ms.
Initialize engine version: 2020.3.19f1 (68f137dc9bbe)
[Subsystems] Discovering subsystems at path C:/Program Files/Unity/Hub/Editor/2020.3.19f1/Editor/Data/Resources/UnitySubsystems
[Subsystems] Discovering subsystems at path D:/Marc Carrot/OTDB_4/Assets
GfxDevice: creating device client; threaded=0
Direct3D:
    Version:  Direct3D 11.0 [level 11.1]
    Renderer: NVIDIA GeForce GTX 1050 Ti (ID=0x1c82)
    Vendor:   
    VRAM:     4018 MB
    Driver:   27.21.14.5671
Initialize mono
Mono path[0] = 'C:/Program Files/Unity/Hub/Editor/2020.3.19f1/Editor/Data/Managed'
Mono path[1] = 'C:/Program Files/Unity/Hub/Editor/2020.3.19f1/Editor/Data/MonoBleedingEdge/lib/mono/unityjit'
Mono config path = 'C:/Program Files/Unity/Hub/Editor/2020.3.19f1/Editor/Data/MonoBleedingEdge/etc'
Using monoOptions --debugger-agent=transport=dt_socket,embedding=1,server=y,suspend=n,address=127.0.0.1:56748
Begin MonoManager ReloadAssembly
Registering precompiled unity dll's ...
Register platform support module: C:/Program Files/Unity/Hub/Editor/2020.3.19f1/Editor/Data/PlaybackEngines/WindowsStandaloneSupport/UnityEditor.WindowsStandalone.Extensions.dll
Registered in 0.001902 seconds.
Native extension for WindowsStandalone target not found
Refreshing native plugins compatible for Editor in 57.38 ms, found 2 plugins.
Preloading 0 native plugins for Editor in 0.00 ms.
Mono: successfully reloaded assembly
- Completed reload, in  1.156 seconds
Domain Reload Profiling:
	ReloadAssembly (1156ms)
		BeginReloadAssembly (57ms)
			ExecutionOrderSort (0ms)
			DisableScriptedObjects (0ms)
			BackupInstance (0ms)
			ReleaseScriptingObjects (0ms)
			CreateAndSetChildDomain (1ms)
		EndReloadAssembly (460ms)
			LoadAssemblies (54ms)
			RebuildTransferFunctionScriptingTraits (0ms)
			SetupTypeCache (162ms)
			ReleaseScriptCaches (0ms)
			RebuildScriptCaches (34ms)
			SetupLoadedEditorAssemblies (190ms)
				LogAssemblyErrors (0ms)
				InitializePlatformSupportModulesInManaged (4ms)
				SetLoadedEditorAssemblies (0ms)
				RefreshPlugins (57ms)
				BeforeProcessingInitializeOnLoad (9ms)
				ProcessInitializeOnLoadAttributes (87ms)
				ProcessInitializeOnLoadMethodAttributes (31ms)
				AfterProcessingInitializeOnLoad (0ms)
				EditorAssembliesLoaded (0ms)
			ExecutionOrderSort2 (0ms)
			AwakeInstancesAfterBackupRestoration (0ms)
Platform modules already initialized, skipping
Registering precompiled user dll's ...
Registered in 0.002687 seconds.
Begin MonoManager ReloadAssembly
Native extension for WindowsStandalone target not found
Refreshing native plugins compatible for Editor in 58.86 ms, found 2 plugins.
Preloading 0 native plugins for Editor in 0.00 ms.
Mono: successfully reloaded assembly
- Completed reload, in  1.211 seconds
Domain Reload Profiling:
	ReloadAssembly (1212ms)
		BeginReloadAssembly (153ms)
			ExecutionOrderSort (0ms)
			DisableScriptedObjects (5ms)
			BackupInstance (0ms)
			ReleaseScriptingObjects (0ms)
			CreateAndSetChildDomain (19ms)
		EndReloadAssembly (995ms)
			LoadAssemblies (90ms)
			RebuildTransferFunctionScriptingTraits (0ms)
			SetupTypeCache (330ms)
			ReleaseScriptCaches (1ms)
			RebuildScriptCaches (58ms)
			SetupLoadedEditorAssemblies (385ms)
				LogAssemblyErrors (0ms)
				InitializePlatformSupportModulesInManaged (5ms)
				SetLoadedEditorAssemblies (0ms)
				RefreshPlugins (59ms)
				BeforeProcessingInitializeOnLoad (77ms)
				ProcessInitializeOnLoadAttributes (233ms)
				ProcessInitializeOnLoadMethodAttributes (5ms)
				AfterProcessingInitializeOnLoad (6ms)
				EditorAssembliesLoaded (0ms)
			ExecutionOrderSort2 (0ms)
			AwakeInstancesAfterBackupRestoration (7ms)
Platform modules already initialized, skipping
========================================================================
Worker process is ready to serve import requests
Launched and connected shader compiler UnityShaderCompiler.exe after 0.04 seconds
Refreshing native plugins compatible for Editor in 0.53 ms, found 2 plugins.
Preloading 0 native plugins for Editor in 0.00 ms.
Unloading 2907 Unused Serialized files (Serialized files now loaded: 0)
System memory in use before: 133.0 MB.
System memory in use after: 133.2 MB.

Unloading 18 unused Assets to reduce memory usage. Loaded Objects now: 3347.
Total: 3.618700 ms (FindLiveObjects: 0.326700 ms CreateObjectMapping: 0.157200 ms MarkObjects: 3.031000 ms  DeleteObjects: 0.102700 ms)

AssetImportParameters requested are different than current active one (requested -> active):
  custom:framework-win-MediaFoundation: 216162199b28c13a410421893ffa2e32 -> 
  custom:video-decoder-ogg-theora: a1e56fd34408186e4bbccfd4996cb3dc -> 
  custom:container-muxer-webm: aa71ff27fc2769a1b78a27578f13a17b -> 
  custom:container-demuxer-webm: 4f35f7cbe854078d1ac9338744f61a02 -> 
  custom:container-demuxer-ogg: 62fdf1f143b41e24485cea50d1cbac27 -> 
  custom:video-encoder-webm-vp8: eb34c28f22e8b96e1ab97ce403110664 -> 
  custom:video-decoder-webm-vp8: 9c59270c3fd7afecdb556c50c9e8de78 -> 
  custom:audio-decoder-ogg-vorbis: bf7c407c2cedff20999df2af8eb42d56 -> 
  custom:audio-encoder-webm-vorbis: bf7c407c2cedff20999df2af8eb42d56 -> 
========================================================================
Received Import Request.
  path: Assets/New Terrain.asset
  artifactKey: Guid(971ef6f02bf52434494c3cbd2886d02a) Importer(815301076,1909f56bfc062723c751e8b465ee728b)
Start importing Assets/New Terrain.asset using Guid(971ef6f02bf52434494c3cbd2886d02a) Importer(815301076,1909f56bfc062723c751e8b465ee728b)  -> (artifact id: '3060733b5f3be351fdc07b067a7c79cd') in 0.043609 seconds 
  Import took 0.048185 seconds .

========================================================================
Received Import Request.
  Time since last request: 11.436015 seconds.
  path: Assets/OTDB/TERRENO.asset
  artifactKey: Guid(971ef6f02bf52434494c3cbd2886d02a) Importer(815301076,1909f56bfc062723c751e8b465ee728b)
Start importing Assets/OTDB/TERRENO.asset using Guid(971ef6f02bf52434494c3cbd2886d02a) Importer(815301076,1909f56bfc062723c751e8b465ee728b)  -> (artifact id: 'a19aca17eec640d3e148efdd6ad44a46') in 0.007110 seconds 
  Import took 0.011937 seconds .

========================================================================
Received Import Request.
  Time since last request: 7.761002 seconds.
  path: Assets/OTDB/VIDEOJUEGO
  artifactKey: Guid(3c3a439f45499754399055a0a062ff79) Importer(815301076,1909f56bfc062723c751e8b465ee728b)
Start importing Assets/OTDB/VIDEOJUEGO using Guid(3c3a439f45499754399055a0a062ff79) Importer(815301076,1909f56bfc062723c751e8b465ee728b)  -> (artifact id: 'ab3f82b3ed0d6450f83bbb8c801cb022') in 0.000954 seconds 
  Import took 0.006520 seconds .

========================================================================
Received Import Request.
  Time since last request: 0.060328 seconds.
  path: Assets/OTDB/VIDEOJUEGO/LightingData.asset
  artifactKey: Guid(fb09ebbd6a8078945909ab308bdecebb) Importer(815301076,1909f56bfc062723c751e8b465ee728b)
Start importing Assets/OTDB/VIDEOJUEGO/LightingData.asset using Guid(fb09ebbd6a8078945909ab308bdecebb) Importer(815301076,1909f56bfc062723c751e8b465ee728b)  -> (artifact id: 'af1ccd291d95a94588d2535a7b794d1a') in 0.001722 seconds 
  Import took 0.005967 seconds .

========================================================================
Received Import Request.
  Time since last request: 0.002523 seconds.
  path: Assets/OTDB/VIDEOJUEGO/ReflectionProbe-0.exr
  artifactKey: Guid(52c50730164333a43bc80f694f099e68) Importer(815301076,1909f56bfc062723c751e8b465ee728b)
Start importing Assets/OTDB/VIDEOJUEGO/ReflectionProbe-0.exr using Guid(52c50730164333a43bc80f694f099e68) Importer(815301076,1909f56bfc062723c751e8b465ee728b)  -> (artifact id: '58868fe259dff32aafcb70114938e3be') in 0.107160 seconds 
  Import took 0.111659 seconds .

========================================================================
Received Import Request.
  Time since last request: 7.785451 seconds.
  path: Assets/OTDB/VIDEOJUEGO.unity
  artifactKey: Guid(135113d5c587089449d5a746f864d71b) Importer(815301076,1909f56bfc062723c751e8b465ee728b)
Start importing Assets/OTDB/VIDEOJUEGO.unity using Guid(135113d5c587089449d5a746f864d71b) Importer(815301076,1909f56bfc062723c751e8b465ee728b)  -> (artifact id: '33fc02e7c2449db03df69f3a067be6e8') in 0.001687 seconds 
  Import took 0.007345 seconds .

AssetImportWorkerClient::OnTransportError - code=2 error=End of file
